2024-12-16 01:27:38.117703: I tensorflow/core/platform/cpu_feature_guard.cc:193] This TensorFlow binary is optimized with oneAPI Deep Neural Network Library (oneDNN) to use the following CPU instructions in performance-critical operations:  AVX2 AVX512F AVX512_VNNI FMA
To enable them in other operations, rebuild TensorFlow with the appropriate compiler flags.
2024-12-16 01:27:39.574642: I tensorflow/core/util/port.cc:104] oneDNN custom operations are on. You may see slightly different numerical results due to floating-point round-off errors from different computation orders. To turn them off, set the environment variable `TF_ENABLE_ONEDNN_OPTS=0`.
2024-12-16 01:27:39.590853: W tensorflow/compiler/xla/stream_executor/platform/default/dso_loader.cc:64] Could not load dynamic library 'libcudart.so.11.0'; dlerror: libcudart.so.11.0: cannot open shared object file: No such file or directory; LD_LIBRARY_PATH: /home/yaojh/hdf5/lib:/opt/intel2015/composer_xe_2015.6.233/compiler/lib/intel64:/opt/software/torque-6.1.2/lib:/opt/software/mpich2-intel/lib:/opt/intel2015/composer_xe_2015.6.233/compiler/lib/intel64:/opt/intel2015/composer_xe_2015.6.233/mpirt/lib/intel64:/opt/intel2015/composer_xe_2015.6.233/compiler/lib/intel64:/opt/intel2015/composer_xe_2015.6.233/mkl/lib/intel64:/opt/intel2015/composer_xe_2015.6.233/debugger/libipt/intel64/lib
2024-12-16 01:27:39.590900: I tensorflow/compiler/xla/stream_executor/cuda/cudart_stub.cc:29] Ignore above cudart dlerror if you do not have a GPU set up on your machine.
2024-12-16 01:27:42.054751: W tensorflow/compiler/xla/stream_executor/platform/default/dso_loader.cc:64] Could not load dynamic library 'libnvinfer.so.7'; dlerror: libnvinfer.so.7: cannot open shared object file: No such file or directory; LD_LIBRARY_PATH: /home/yaojh/hdf5/lib:/opt/intel2015/composer_xe_2015.6.233/compiler/lib/intel64:/opt/software/torque-6.1.2/lib:/opt/software/mpich2-intel/lib:/opt/intel2015/composer_xe_2015.6.233/compiler/lib/intel64:/opt/intel2015/composer_xe_2015.6.233/mpirt/lib/intel64:/opt/intel2015/composer_xe_2015.6.233/compiler/lib/intel64:/opt/intel2015/composer_xe_2015.6.233/mkl/lib/intel64:/opt/intel2015/composer_xe_2015.6.233/debugger/libipt/intel64/lib
2024-12-16 01:27:42.054888: W tensorflow/compiler/xla/stream_executor/platform/default/dso_loader.cc:64] Could not load dynamic library 'libnvinfer_plugin.so.7'; dlerror: libnvinfer_plugin.so.7: cannot open shared object file: No such file or directory; LD_LIBRARY_PATH: /home/yaojh/hdf5/lib:/opt/intel2015/composer_xe_2015.6.233/compiler/lib/intel64:/opt/software/torque-6.1.2/lib:/opt/software/mpich2-intel/lib:/opt/intel2015/composer_xe_2015.6.233/compiler/lib/intel64:/opt/intel2015/composer_xe_2015.6.233/mpirt/lib/intel64:/opt/intel2015/composer_xe_2015.6.233/compiler/lib/intel64:/opt/intel2015/composer_xe_2015.6.233/mkl/lib/intel64:/opt/intel2015/composer_xe_2015.6.233/debugger/libipt/intel64/lib
2024-12-16 01:27:42.054900: W tensorflow/compiler/tf2tensorrt/utils/py_utils.cc:38] TF-TRT Warning: Cannot dlopen some TensorRT libraries. If you would like to use Nvidia GPU with TensorRT, please make sure the missing libraries mentioned above are installed properly.
2024-12-16 01:28:00.035492: W tensorflow/compiler/xla/stream_executor/platform/default/dso_loader.cc:64] Could not load dynamic library 'libcudart.so.11.0'; dlerror: libcudart.so.11.0: cannot open shared object file: No such file or directory; LD_LIBRARY_PATH: /home/yaojh/hdf5/lib:/opt/intel2015/composer_xe_2015.6.233/compiler/lib/intel64:/opt/software/torque-6.1.2/lib:/opt/software/mpich2-intel/lib:/opt/intel2015/composer_xe_2015.6.233/compiler/lib/intel64:/opt/intel2015/composer_xe_2015.6.233/mpirt/lib/intel64:/opt/intel2015/composer_xe_2015.6.233/compiler/lib/intel64:/opt/intel2015/composer_xe_2015.6.233/mkl/lib/intel64:/opt/intel2015/composer_xe_2015.6.233/debugger/libipt/intel64/lib
2024-12-16 01:28:00.035594: W tensorflow/compiler/xla/stream_executor/platform/default/dso_loader.cc:64] Could not load dynamic library 'libcublas.so.11'; dlerror: libcublas.so.11: cannot open shared object file: No such file or directory; LD_LIBRARY_PATH: /home/yaojh/hdf5/lib:/opt/intel2015/composer_xe_2015.6.233/compiler/lib/intel64:/opt/software/torque-6.1.2/lib:/opt/software/mpich2-intel/lib:/opt/intel2015/composer_xe_2015.6.233/compiler/lib/intel64:/opt/intel2015/composer_xe_2015.6.233/mpirt/lib/intel64:/opt/intel2015/composer_xe_2015.6.233/compiler/lib/intel64:/opt/intel2015/composer_xe_2015.6.233/mkl/lib/intel64:/opt/intel2015/composer_xe_2015.6.233/debugger/libipt/intel64/lib
2024-12-16 01:28:00.035663: W tensorflow/compiler/xla/stream_executor/platform/default/dso_loader.cc:64] Could not load dynamic library 'libcublasLt.so.11'; dlerror: libcublasLt.so.11: cannot open shared object file: No such file or directory; LD_LIBRARY_PATH: /home/yaojh/hdf5/lib:/opt/intel2015/composer_xe_2015.6.233/compiler/lib/intel64:/opt/software/torque-6.1.2/lib:/opt/software/mpich2-intel/lib:/opt/intel2015/composer_xe_2015.6.233/compiler/lib/intel64:/opt/intel2015/composer_xe_2015.6.233/mpirt/lib/intel64:/opt/intel2015/composer_xe_2015.6.233/compiler/lib/intel64:/opt/intel2015/composer_xe_2015.6.233/mkl/lib/intel64:/opt/intel2015/composer_xe_2015.6.233/debugger/libipt/intel64/lib
2024-12-16 01:28:00.035719: W tensorflow/compiler/xla/stream_executor/platform/default/dso_loader.cc:64] Could not load dynamic library 'libcufft.so.10'; dlerror: libcufft.so.10: cannot open shared object file: No such file or directory; LD_LIBRARY_PATH: /home/yaojh/hdf5/lib:/opt/intel2015/composer_xe_2015.6.233/compiler/lib/intel64:/opt/software/torque-6.1.2/lib:/opt/software/mpich2-intel/lib:/opt/intel2015/composer_xe_2015.6.233/compiler/lib/intel64:/opt/intel2015/composer_xe_2015.6.233/mpirt/lib/intel64:/opt/intel2015/composer_xe_2015.6.233/compiler/lib/intel64:/opt/intel2015/composer_xe_2015.6.233/mkl/lib/intel64:/opt/intel2015/composer_xe_2015.6.233/debugger/libipt/intel64/lib
2024-12-16 01:28:00.035773: W tensorflow/compiler/xla/stream_executor/platform/default/dso_loader.cc:64] Could not load dynamic library 'libcurand.so.10'; dlerror: libcurand.so.10: cannot open shared object file: No such file or directory; LD_LIBRARY_PATH: /home/yaojh/hdf5/lib:/opt/intel2015/composer_xe_2015.6.233/compiler/lib/intel64:/opt/software/torque-6.1.2/lib:/opt/software/mpich2-intel/lib:/opt/intel2015/composer_xe_2015.6.233/compiler/lib/intel64:/opt/intel2015/composer_xe_2015.6.233/mpirt/lib/intel64:/opt/intel2015/composer_xe_2015.6.233/compiler/lib/intel64:/opt/intel2015/composer_xe_2015.6.233/mkl/lib/intel64:/opt/intel2015/composer_xe_2015.6.233/debugger/libipt/intel64/lib
2024-12-16 01:28:00.035823: W tensorflow/compiler/xla/stream_executor/platform/default/dso_loader.cc:64] Could not load dynamic library 'libcusolver.so.11'; dlerror: libcusolver.so.11: cannot open shared object file: No such file or directory; LD_LIBRARY_PATH: /home/yaojh/hdf5/lib:/opt/intel2015/composer_xe_2015.6.233/compiler/lib/intel64:/opt/software/torque-6.1.2/lib:/opt/software/mpich2-intel/lib:/opt/intel2015/composer_xe_2015.6.233/compiler/lib/intel64:/opt/intel2015/composer_xe_2015.6.233/mpirt/lib/intel64:/opt/intel2015/composer_xe_2015.6.233/compiler/lib/intel64:/opt/intel2015/composer_xe_2015.6.233/mkl/lib/intel64:/opt/intel2015/composer_xe_2015.6.233/debugger/libipt/intel64/lib
2024-12-16 01:28:00.035876: W tensorflow/compiler/xla/stream_executor/platform/default/dso_loader.cc:64] Could not load dynamic library 'libcusparse.so.11'; dlerror: libcusparse.so.11: cannot open shared object file: No such file or directory; LD_LIBRARY_PATH: /home/yaojh/hdf5/lib:/opt/intel2015/composer_xe_2015.6.233/compiler/lib/intel64:/opt/software/torque-6.1.2/lib:/opt/software/mpich2-intel/lib:/opt/intel2015/composer_xe_2015.6.233/compiler/lib/intel64:/opt/intel2015/composer_xe_2015.6.233/mpirt/lib/intel64:/opt/intel2015/composer_xe_2015.6.233/compiler/lib/intel64:/opt/intel2015/composer_xe_2015.6.233/mkl/lib/intel64:/opt/intel2015/composer_xe_2015.6.233/debugger/libipt/intel64/lib
2024-12-16 01:28:00.035930: W tensorflow/compiler/xla/stream_executor/platform/default/dso_loader.cc:64] Could not load dynamic library 'libcudnn.so.8'; dlerror: libcudnn.so.8: cannot open shared object file: No such file or directory; LD_LIBRARY_PATH: /home/yaojh/hdf5/lib:/opt/intel2015/composer_xe_2015.6.233/compiler/lib/intel64:/opt/software/torque-6.1.2/lib:/opt/software/mpich2-intel/lib:/opt/intel2015/composer_xe_2015.6.233/compiler/lib/intel64:/opt/intel2015/composer_xe_2015.6.233/mpirt/lib/intel64:/opt/intel2015/composer_xe_2015.6.233/compiler/lib/intel64:/opt/intel2015/composer_xe_2015.6.233/mkl/lib/intel64:/opt/intel2015/composer_xe_2015.6.233/debugger/libipt/intel64/lib
2024-12-16 01:28:00.035962: W tensorflow/core/common_runtime/gpu/gpu_device.cc:1934] Cannot dlopen some GPU libraries. Please make sure the missing libraries mentioned above are installed properly if you would like to use GPU. Follow the guide at https://www.tensorflow.org/install/gpu for how to download and setup the required libraries for your platform.
Skipping registering GPU devices...
2024-12-16 01:28:00.036960: I tensorflow/core/platform/cpu_feature_guard.cc:193] This TensorFlow binary is optimized with oneAPI Deep Neural Network Library (oneDNN) to use the following CPU instructions in performance-critical operations:  AVX2 AVX512F AVX512_VNNI FMA
To enable them in other operations, rebuild TensorFlow with the appropriate compiler flags.
Auto tuning number of linear components...
Performing PCA...
Training Autoencoder with...
    0 linear dimensions...
epoch: 20/100, loss:  167.7781, time elapsed:  4.25s, time left:  17.00s
epoch: 40/100, loss:  167.7717, time elapsed:  6.21s, time left:  9.31s
epoch: 60/100, loss:  167.7660, time elapsed:  8.28s, time left:  5.52s
epoch: 80/100, loss:  167.7608, time elapsed:  10.28s, time left:  2.57s
epoch: 100/100, loss:  167.7556, time elapsed:  11.94s, time left:  0.00s
[167.755615234375]
[164.34282050075882, 161.38424607848148, 158.54865625306846, 155.76004754727853, 153.27350152609657]
    1 linear dimensions...
epoch: 20/100, loss:  167.4875, time elapsed:  4.14s, time left:  16.56s
epoch: 40/100, loss:  166.9930, time elapsed:  6.06s, time left:  9.09s
epoch: 60/100, loss:  166.6486, time elapsed:  7.89s, time left:  5.26s
epoch: 80/100, loss:  166.3985, time elapsed:  9.39s, time left:  2.35s
epoch: 100/100, loss:  166.1993, time elapsed:  10.72s, time left:  0.00s
[167.755615234375, 166.1992950439453]
[164.34282050075882, 161.38424607848148, 158.54865625306846, 155.76004754727853, 153.27350152609657]
Found! Use 0 linear components...
Early stop disabled, continue to check all cases...
    2 linear dimensions...
epoch: 20/100, loss:  167.1960, time elapsed:  4.45s, time left:  17.81s
epoch: 40/100, loss:  166.2211, time elapsed:  6.20s, time left:  9.30s
epoch: 60/100, loss:  165.5364, time elapsed:  7.85s, time left:  5.23s
epoch: 80/100, loss:  165.0446, time elapsed:  9.74s, time left:  2.43s
epoch: 100/100, loss:  164.6494, time elapsed:  11.59s, time left:  0.00s
[167.755615234375, 166.1992950439453, 164.64939880371094]
[164.34282050075882, 161.38424607848148, 158.54865625306846, 155.76004754727853, 153.27350152609657]
    3 linear dimensions...
epoch: 20/100, loss:  166.8879, time elapsed:  5.53s, time left:  22.13s
epoch: 40/100, loss:  165.4371, time elapsed:  7.23s, time left:  10.85s
epoch: 60/100, loss:  164.4169, time elapsed:  9.22s, time left:  6.15s
epoch: 80/100, loss:  163.6860, time elapsed:  11.22s, time left:  2.80s
epoch: 100/100, loss:  163.1058, time elapsed:  13.09s, time left:  0.00s
[167.755615234375, 166.1992950439453, 164.64939880371094, 163.10580444335938]
[164.34282050075882, 161.38424607848148, 158.54865625306846, 155.76004754727853, 153.27350152609657]
epoch: 30/300, loss:  167.7797, time elapsed:  4.04s, time left:  36.40s
epoch: 60/300, loss:  167.7745, time elapsed:  6.33s, time left:  25.30s
epoch: 90/300, loss:  167.7699, time elapsed:  9.22s, time left:  21.51s
epoch: 120/300, loss:  167.7657, time elapsed:  12.22s, time left:  18.32s
epoch: 150/300, loss:  167.7615, time elapsed:  15.08s, time left:  15.08s
epoch: 180/300, loss:  167.7577, time elapsed:  17.47s, time left:  11.65s
epoch: 210/300, loss:  167.7540, time elapsed:  19.62s, time left:  8.41s
epoch: 240/300, loss:  167.7504, time elapsed:  22.10s, time left:  5.53s
epoch: 270/300, loss:  167.7468, time elapsed:  25.13s, time left:  2.79s
epoch: 300/300, loss:  167.7431, time elapsed:  28.18s, time left:  0.00s
