2024-12-16 01:23:51.829096: I tensorflow/core/platform/cpu_feature_guard.cc:193] This TensorFlow binary is optimized with oneAPI Deep Neural Network Library (oneDNN) to use the following CPU instructions in performance-critical operations:  AVX2 AVX512F AVX512_VNNI FMA
To enable them in other operations, rebuild TensorFlow with the appropriate compiler flags.
2024-12-16 01:23:52.466755: I tensorflow/core/util/port.cc:104] oneDNN custom operations are on. You may see slightly different numerical results due to floating-point round-off errors from different computation orders. To turn them off, set the environment variable `TF_ENABLE_ONEDNN_OPTS=0`.
2024-12-16 01:23:52.478532: W tensorflow/compiler/xla/stream_executor/platform/default/dso_loader.cc:64] Could not load dynamic library 'libcudart.so.11.0'; dlerror: libcudart.so.11.0: cannot open shared object file: No such file or directory; LD_LIBRARY_PATH: /home/yaojh/hdf5/lib:/opt/intel2015/composer_xe_2015.6.233/compiler/lib/intel64:/opt/software/torque-6.1.2/lib:/opt/software/mpich2-intel/lib:/opt/intel2015/composer_xe_2015.6.233/compiler/lib/intel64:/opt/intel2015/composer_xe_2015.6.233/mpirt/lib/intel64:/opt/intel2015/composer_xe_2015.6.233/compiler/lib/intel64:/opt/intel2015/composer_xe_2015.6.233/mkl/lib/intel64:/opt/intel2015/composer_xe_2015.6.233/debugger/libipt/intel64/lib
2024-12-16 01:23:52.478575: I tensorflow/compiler/xla/stream_executor/cuda/cudart_stub.cc:29] Ignore above cudart dlerror if you do not have a GPU set up on your machine.
2024-12-16 01:23:54.219924: W tensorflow/compiler/xla/stream_executor/platform/default/dso_loader.cc:64] Could not load dynamic library 'libnvinfer.so.7'; dlerror: libnvinfer.so.7: cannot open shared object file: No such file or directory; LD_LIBRARY_PATH: /home/yaojh/hdf5/lib:/opt/intel2015/composer_xe_2015.6.233/compiler/lib/intel64:/opt/software/torque-6.1.2/lib:/opt/software/mpich2-intel/lib:/opt/intel2015/composer_xe_2015.6.233/compiler/lib/intel64:/opt/intel2015/composer_xe_2015.6.233/mpirt/lib/intel64:/opt/intel2015/composer_xe_2015.6.233/compiler/lib/intel64:/opt/intel2015/composer_xe_2015.6.233/mkl/lib/intel64:/opt/intel2015/composer_xe_2015.6.233/debugger/libipt/intel64/lib
2024-12-16 01:23:54.230525: W tensorflow/compiler/xla/stream_executor/platform/default/dso_loader.cc:64] Could not load dynamic library 'libnvinfer_plugin.so.7'; dlerror: libnvinfer_plugin.so.7: cannot open shared object file: No such file or directory; LD_LIBRARY_PATH: /home/yaojh/hdf5/lib:/opt/intel2015/composer_xe_2015.6.233/compiler/lib/intel64:/opt/software/torque-6.1.2/lib:/opt/software/mpich2-intel/lib:/opt/intel2015/composer_xe_2015.6.233/compiler/lib/intel64:/opt/intel2015/composer_xe_2015.6.233/mpirt/lib/intel64:/opt/intel2015/composer_xe_2015.6.233/compiler/lib/intel64:/opt/intel2015/composer_xe_2015.6.233/mkl/lib/intel64:/opt/intel2015/composer_xe_2015.6.233/debugger/libipt/intel64/lib
2024-12-16 01:23:54.232587: W tensorflow/compiler/tf2tensorrt/utils/py_utils.cc:38] TF-TRT Warning: Cannot dlopen some TensorRT libraries. If you would like to use Nvidia GPU with TensorRT, please make sure the missing libraries mentioned above are installed properly.
2024-12-16 01:24:06.010913: W tensorflow/compiler/xla/stream_executor/platform/default/dso_loader.cc:64] Could not load dynamic library 'libcudart.so.11.0'; dlerror: libcudart.so.11.0: cannot open shared object file: No such file or directory; LD_LIBRARY_PATH: /home/yaojh/hdf5/lib:/opt/intel2015/composer_xe_2015.6.233/compiler/lib/intel64:/opt/software/torque-6.1.2/lib:/opt/software/mpich2-intel/lib:/opt/intel2015/composer_xe_2015.6.233/compiler/lib/intel64:/opt/intel2015/composer_xe_2015.6.233/mpirt/lib/intel64:/opt/intel2015/composer_xe_2015.6.233/compiler/lib/intel64:/opt/intel2015/composer_xe_2015.6.233/mkl/lib/intel64:/opt/intel2015/composer_xe_2015.6.233/debugger/libipt/intel64/lib
2024-12-16 01:24:06.011034: W tensorflow/compiler/xla/stream_executor/platform/default/dso_loader.cc:64] Could not load dynamic library 'libcublas.so.11'; dlerror: libcublas.so.11: cannot open shared object file: No such file or directory; LD_LIBRARY_PATH: /home/yaojh/hdf5/lib:/opt/intel2015/composer_xe_2015.6.233/compiler/lib/intel64:/opt/software/torque-6.1.2/lib:/opt/software/mpich2-intel/lib:/opt/intel2015/composer_xe_2015.6.233/compiler/lib/intel64:/opt/intel2015/composer_xe_2015.6.233/mpirt/lib/intel64:/opt/intel2015/composer_xe_2015.6.233/compiler/lib/intel64:/opt/intel2015/composer_xe_2015.6.233/mkl/lib/intel64:/opt/intel2015/composer_xe_2015.6.233/debugger/libipt/intel64/lib
2024-12-16 01:24:06.011103: W tensorflow/compiler/xla/stream_executor/platform/default/dso_loader.cc:64] Could not load dynamic library 'libcublasLt.so.11'; dlerror: libcublasLt.so.11: cannot open shared object file: No such file or directory; LD_LIBRARY_PATH: /home/yaojh/hdf5/lib:/opt/intel2015/composer_xe_2015.6.233/compiler/lib/intel64:/opt/software/torque-6.1.2/lib:/opt/software/mpich2-intel/lib:/opt/intel2015/composer_xe_2015.6.233/compiler/lib/intel64:/opt/intel2015/composer_xe_2015.6.233/mpirt/lib/intel64:/opt/intel2015/composer_xe_2015.6.233/compiler/lib/intel64:/opt/intel2015/composer_xe_2015.6.233/mkl/lib/intel64:/opt/intel2015/composer_xe_2015.6.233/debugger/libipt/intel64/lib
2024-12-16 01:24:06.011159: W tensorflow/compiler/xla/stream_executor/platform/default/dso_loader.cc:64] Could not load dynamic library 'libcufft.so.10'; dlerror: libcufft.so.10: cannot open shared object file: No such file or directory; LD_LIBRARY_PATH: /home/yaojh/hdf5/lib:/opt/intel2015/composer_xe_2015.6.233/compiler/lib/intel64:/opt/software/torque-6.1.2/lib:/opt/software/mpich2-intel/lib:/opt/intel2015/composer_xe_2015.6.233/compiler/lib/intel64:/opt/intel2015/composer_xe_2015.6.233/mpirt/lib/intel64:/opt/intel2015/composer_xe_2015.6.233/compiler/lib/intel64:/opt/intel2015/composer_xe_2015.6.233/mkl/lib/intel64:/opt/intel2015/composer_xe_2015.6.233/debugger/libipt/intel64/lib
2024-12-16 01:24:06.011215: W tensorflow/compiler/xla/stream_executor/platform/default/dso_loader.cc:64] Could not load dynamic library 'libcurand.so.10'; dlerror: libcurand.so.10: cannot open shared object file: No such file or directory; LD_LIBRARY_PATH: /home/yaojh/hdf5/lib:/opt/intel2015/composer_xe_2015.6.233/compiler/lib/intel64:/opt/software/torque-6.1.2/lib:/opt/software/mpich2-intel/lib:/opt/intel2015/composer_xe_2015.6.233/compiler/lib/intel64:/opt/intel2015/composer_xe_2015.6.233/mpirt/lib/intel64:/opt/intel2015/composer_xe_2015.6.233/compiler/lib/intel64:/opt/intel2015/composer_xe_2015.6.233/mkl/lib/intel64:/opt/intel2015/composer_xe_2015.6.233/debugger/libipt/intel64/lib
2024-12-16 01:24:06.011267: W tensorflow/compiler/xla/stream_executor/platform/default/dso_loader.cc:64] Could not load dynamic library 'libcusolver.so.11'; dlerror: libcusolver.so.11: cannot open shared object file: No such file or directory; LD_LIBRARY_PATH: /home/yaojh/hdf5/lib:/opt/intel2015/composer_xe_2015.6.233/compiler/lib/intel64:/opt/software/torque-6.1.2/lib:/opt/software/mpich2-intel/lib:/opt/intel2015/composer_xe_2015.6.233/compiler/lib/intel64:/opt/intel2015/composer_xe_2015.6.233/mpirt/lib/intel64:/opt/intel2015/composer_xe_2015.6.233/compiler/lib/intel64:/opt/intel2015/composer_xe_2015.6.233/mkl/lib/intel64:/opt/intel2015/composer_xe_2015.6.233/debugger/libipt/intel64/lib
2024-12-16 01:24:06.011319: W tensorflow/compiler/xla/stream_executor/platform/default/dso_loader.cc:64] Could not load dynamic library 'libcusparse.so.11'; dlerror: libcusparse.so.11: cannot open shared object file: No such file or directory; LD_LIBRARY_PATH: /home/yaojh/hdf5/lib:/opt/intel2015/composer_xe_2015.6.233/compiler/lib/intel64:/opt/software/torque-6.1.2/lib:/opt/software/mpich2-intel/lib:/opt/intel2015/composer_xe_2015.6.233/compiler/lib/intel64:/opt/intel2015/composer_xe_2015.6.233/mpirt/lib/intel64:/opt/intel2015/composer_xe_2015.6.233/compiler/lib/intel64:/opt/intel2015/composer_xe_2015.6.233/mkl/lib/intel64:/opt/intel2015/composer_xe_2015.6.233/debugger/libipt/intel64/lib
2024-12-16 01:24:06.011373: W tensorflow/compiler/xla/stream_executor/platform/default/dso_loader.cc:64] Could not load dynamic library 'libcudnn.so.8'; dlerror: libcudnn.so.8: cannot open shared object file: No such file or directory; LD_LIBRARY_PATH: /home/yaojh/hdf5/lib:/opt/intel2015/composer_xe_2015.6.233/compiler/lib/intel64:/opt/software/torque-6.1.2/lib:/opt/software/mpich2-intel/lib:/opt/intel2015/composer_xe_2015.6.233/compiler/lib/intel64:/opt/intel2015/composer_xe_2015.6.233/mpirt/lib/intel64:/opt/intel2015/composer_xe_2015.6.233/compiler/lib/intel64:/opt/intel2015/composer_xe_2015.6.233/mkl/lib/intel64:/opt/intel2015/composer_xe_2015.6.233/debugger/libipt/intel64/lib
2024-12-16 01:24:06.011400: W tensorflow/core/common_runtime/gpu/gpu_device.cc:1934] Cannot dlopen some GPU libraries. Please make sure the missing libraries mentioned above are installed properly if you would like to use GPU. Follow the guide at https://www.tensorflow.org/install/gpu for how to download and setup the required libraries for your platform.
Skipping registering GPU devices...
2024-12-16 01:24:06.012405: I tensorflow/core/platform/cpu_feature_guard.cc:193] This TensorFlow binary is optimized with oneAPI Deep Neural Network Library (oneDNN) to use the following CPU instructions in performance-critical operations:  AVX2 AVX512F AVX512_VNNI FMA
To enable them in other operations, rebuild TensorFlow with the appropriate compiler flags.
Auto tuning number of linear components...
Performing PCA...
Training Autoencoder with...
    0 linear dimensions...
epoch: 20/100, loss:  137.0891, time elapsed:  3.65s, time left:  14.60s
epoch: 40/100, loss:  137.0700, time elapsed:  5.14s, time left:  7.70s
epoch: 60/100, loss:  137.0518, time elapsed:  6.66s, time left:  4.44s
epoch: 80/100, loss:  137.0334, time elapsed:  8.28s, time left:  2.07s
epoch: 100/100, loss:  137.0157, time elapsed:  9.69s, time left:  0.00s
[137.01571655273438]
[102.94452903808758, 76.7154310767372, 62.36228816435486, 57.60296284437259, 54.46656736605034]
    1 linear dimensions...
epoch: 20/100, loss:  133.0559, time elapsed:  3.42s, time left:  13.70s
epoch: 40/100, loss:  122.1777, time elapsed:  4.86s, time left:  7.28s
epoch: 60/100, loss:  107.4335, time elapsed:  6.26s, time left:  4.17s
epoch: 80/100, loss:  92.5354, time elapsed:  7.69s, time left:  1.92s
epoch: 100/100, loss:  80.5212, time elapsed:  9.11s, time left:  0.00s
[137.01571655273438, 80.52117156982422]
[102.94452903808758, 76.7154310767372, 62.36228816435486, 57.60296284437259, 54.46656736605034]
    2 linear dimensions...
epoch: 20/100, loss:  129.6549, time elapsed:  3.49s, time left:  13.98s
epoch: 40/100, loss:  110.5559, time elapsed:  4.91s, time left:  7.37s
epoch: 60/100, loss:  89.2915, time elapsed:  6.44s, time left:  4.29s
epoch: 80/100, loss:  74.3865, time elapsed:  7.98s, time left:  2.00s
epoch: 100/100, loss:  66.7667, time elapsed:  9.54s, time left:  0.00s
[137.01571655273438, 80.52117156982422, 66.76670837402344]
[102.94452903808758, 76.7154310767372, 62.36228816435486, 57.60296284437259, 54.46656736605034]
Found! Use 1 linear components...
Early stop disabled, continue to check all cases...
    3 linear dimensions...
epoch: 20/100, loss:  126.5314, time elapsed:  4.68s, time left:  18.71s
epoch: 40/100, loss:  100.8861, time elapsed:  6.47s, time left:  9.70s
epoch: 60/100, loss:  78.3283, time elapsed:  8.20s, time left:  5.46s
epoch: 80/100, loss:  67.2461, time elapsed:  9.75s, time left:  2.44s
epoch: 100/100, loss:  63.3140, time elapsed:  11.38s, time left:  0.00s
[137.01571655273438, 80.52117156982422, 66.76670837402344, 63.31396484375]
[102.94452903808758, 76.7154310767372, 62.36228816435486, 57.60296284437259, 54.46656736605034]
epoch: 30/300, loss:  134.3919, time elapsed:  4.75s, time left:  42.73s
epoch: 60/300, loss:  127.7087, time elapsed:  7.22s, time left:  28.89s
epoch: 90/300, loss:  118.2797, time elapsed:  9.37s, time left:  21.87s
epoch: 120/300, loss:  107.6393, time elapsed:  11.82s, time left:  17.72s
epoch: 150/300, loss:  96.9745, time elapsed:  14.46s, time left:  14.46s
epoch: 180/300, loss:  87.4003, time elapsed:  17.57s, time left:  11.71s
epoch: 210/300, loss:  79.5630, time elapsed:  20.75s, time left:  8.89s
epoch: 240/300, loss:  73.6099, time elapsed:  23.39s, time left:  5.85s
epoch: 270/300, loss:  69.3705, time elapsed:  25.90s, time left:  2.88s
epoch: 300/300, loss:  66.4801, time elapsed:  28.67s, time left:  0.00s
