2024-12-16 01:26:12.231323: I tensorflow/core/platform/cpu_feature_guard.cc:193] This TensorFlow binary is optimized with oneAPI Deep Neural Network Library (oneDNN) to use the following CPU instructions in performance-critical operations:  AVX2 AVX512F AVX512_VNNI FMA
To enable them in other operations, rebuild TensorFlow with the appropriate compiler flags.
2024-12-16 01:26:12.991031: I tensorflow/core/util/port.cc:104] oneDNN custom operations are on. You may see slightly different numerical results due to floating-point round-off errors from different computation orders. To turn them off, set the environment variable `TF_ENABLE_ONEDNN_OPTS=0`.
2024-12-16 01:26:12.996588: W tensorflow/compiler/xla/stream_executor/platform/default/dso_loader.cc:64] Could not load dynamic library 'libcudart.so.11.0'; dlerror: libcudart.so.11.0: cannot open shared object file: No such file or directory; LD_LIBRARY_PATH: /home/yaojh/hdf5/lib:/opt/intel2015/composer_xe_2015.6.233/compiler/lib/intel64:/opt/software/torque-6.1.2/lib:/opt/software/mpich2-intel/lib:/opt/intel2015/composer_xe_2015.6.233/compiler/lib/intel64:/opt/intel2015/composer_xe_2015.6.233/mpirt/lib/intel64:/opt/intel2015/composer_xe_2015.6.233/compiler/lib/intel64:/opt/intel2015/composer_xe_2015.6.233/mkl/lib/intel64:/opt/intel2015/composer_xe_2015.6.233/debugger/libipt/intel64/lib
2024-12-16 01:26:12.996634: I tensorflow/compiler/xla/stream_executor/cuda/cudart_stub.cc:29] Ignore above cudart dlerror if you do not have a GPU set up on your machine.
2024-12-16 01:26:14.815451: W tensorflow/compiler/xla/stream_executor/platform/default/dso_loader.cc:64] Could not load dynamic library 'libnvinfer.so.7'; dlerror: libnvinfer.so.7: cannot open shared object file: No such file or directory; LD_LIBRARY_PATH: /home/yaojh/hdf5/lib:/opt/intel2015/composer_xe_2015.6.233/compiler/lib/intel64:/opt/software/torque-6.1.2/lib:/opt/software/mpich2-intel/lib:/opt/intel2015/composer_xe_2015.6.233/compiler/lib/intel64:/opt/intel2015/composer_xe_2015.6.233/mpirt/lib/intel64:/opt/intel2015/composer_xe_2015.6.233/compiler/lib/intel64:/opt/intel2015/composer_xe_2015.6.233/mkl/lib/intel64:/opt/intel2015/composer_xe_2015.6.233/debugger/libipt/intel64/lib
2024-12-16 01:26:14.815548: W tensorflow/compiler/xla/stream_executor/platform/default/dso_loader.cc:64] Could not load dynamic library 'libnvinfer_plugin.so.7'; dlerror: libnvinfer_plugin.so.7: cannot open shared object file: No such file or directory; LD_LIBRARY_PATH: /home/yaojh/hdf5/lib:/opt/intel2015/composer_xe_2015.6.233/compiler/lib/intel64:/opt/software/torque-6.1.2/lib:/opt/software/mpich2-intel/lib:/opt/intel2015/composer_xe_2015.6.233/compiler/lib/intel64:/opt/intel2015/composer_xe_2015.6.233/mpirt/lib/intel64:/opt/intel2015/composer_xe_2015.6.233/compiler/lib/intel64:/opt/intel2015/composer_xe_2015.6.233/mkl/lib/intel64:/opt/intel2015/composer_xe_2015.6.233/debugger/libipt/intel64/lib
2024-12-16 01:26:14.815560: W tensorflow/compiler/tf2tensorrt/utils/py_utils.cc:38] TF-TRT Warning: Cannot dlopen some TensorRT libraries. If you would like to use Nvidia GPU with TensorRT, please make sure the missing libraries mentioned above are installed properly.
2024-12-16 01:26:28.289673: W tensorflow/compiler/xla/stream_executor/platform/default/dso_loader.cc:64] Could not load dynamic library 'libcudart.so.11.0'; dlerror: libcudart.so.11.0: cannot open shared object file: No such file or directory; LD_LIBRARY_PATH: /home/yaojh/hdf5/lib:/opt/intel2015/composer_xe_2015.6.233/compiler/lib/intel64:/opt/software/torque-6.1.2/lib:/opt/software/mpich2-intel/lib:/opt/intel2015/composer_xe_2015.6.233/compiler/lib/intel64:/opt/intel2015/composer_xe_2015.6.233/mpirt/lib/intel64:/opt/intel2015/composer_xe_2015.6.233/compiler/lib/intel64:/opt/intel2015/composer_xe_2015.6.233/mkl/lib/intel64:/opt/intel2015/composer_xe_2015.6.233/debugger/libipt/intel64/lib
2024-12-16 01:26:28.289774: W tensorflow/compiler/xla/stream_executor/platform/default/dso_loader.cc:64] Could not load dynamic library 'libcublas.so.11'; dlerror: libcublas.so.11: cannot open shared object file: No such file or directory; LD_LIBRARY_PATH: /home/yaojh/hdf5/lib:/opt/intel2015/composer_xe_2015.6.233/compiler/lib/intel64:/opt/software/torque-6.1.2/lib:/opt/software/mpich2-intel/lib:/opt/intel2015/composer_xe_2015.6.233/compiler/lib/intel64:/opt/intel2015/composer_xe_2015.6.233/mpirt/lib/intel64:/opt/intel2015/composer_xe_2015.6.233/compiler/lib/intel64:/opt/intel2015/composer_xe_2015.6.233/mkl/lib/intel64:/opt/intel2015/composer_xe_2015.6.233/debugger/libipt/intel64/lib
2024-12-16 01:26:28.289844: W tensorflow/compiler/xla/stream_executor/platform/default/dso_loader.cc:64] Could not load dynamic library 'libcublasLt.so.11'; dlerror: libcublasLt.so.11: cannot open shared object file: No such file or directory; LD_LIBRARY_PATH: /home/yaojh/hdf5/lib:/opt/intel2015/composer_xe_2015.6.233/compiler/lib/intel64:/opt/software/torque-6.1.2/lib:/opt/software/mpich2-intel/lib:/opt/intel2015/composer_xe_2015.6.233/compiler/lib/intel64:/opt/intel2015/composer_xe_2015.6.233/mpirt/lib/intel64:/opt/intel2015/composer_xe_2015.6.233/compiler/lib/intel64:/opt/intel2015/composer_xe_2015.6.233/mkl/lib/intel64:/opt/intel2015/composer_xe_2015.6.233/debugger/libipt/intel64/lib
2024-12-16 01:26:28.289904: W tensorflow/compiler/xla/stream_executor/platform/default/dso_loader.cc:64] Could not load dynamic library 'libcufft.so.10'; dlerror: libcufft.so.10: cannot open shared object file: No such file or directory; LD_LIBRARY_PATH: /home/yaojh/hdf5/lib:/opt/intel2015/composer_xe_2015.6.233/compiler/lib/intel64:/opt/software/torque-6.1.2/lib:/opt/software/mpich2-intel/lib:/opt/intel2015/composer_xe_2015.6.233/compiler/lib/intel64:/opt/intel2015/composer_xe_2015.6.233/mpirt/lib/intel64:/opt/intel2015/composer_xe_2015.6.233/compiler/lib/intel64:/opt/intel2015/composer_xe_2015.6.233/mkl/lib/intel64:/opt/intel2015/composer_xe_2015.6.233/debugger/libipt/intel64/lib
2024-12-16 01:26:28.289970: W tensorflow/compiler/xla/stream_executor/platform/default/dso_loader.cc:64] Could not load dynamic library 'libcurand.so.10'; dlerror: libcurand.so.10: cannot open shared object file: No such file or directory; LD_LIBRARY_PATH: /home/yaojh/hdf5/lib:/opt/intel2015/composer_xe_2015.6.233/compiler/lib/intel64:/opt/software/torque-6.1.2/lib:/opt/software/mpich2-intel/lib:/opt/intel2015/composer_xe_2015.6.233/compiler/lib/intel64:/opt/intel2015/composer_xe_2015.6.233/mpirt/lib/intel64:/opt/intel2015/composer_xe_2015.6.233/compiler/lib/intel64:/opt/intel2015/composer_xe_2015.6.233/mkl/lib/intel64:/opt/intel2015/composer_xe_2015.6.233/debugger/libipt/intel64/lib
2024-12-16 01:26:28.290028: W tensorflow/compiler/xla/stream_executor/platform/default/dso_loader.cc:64] Could not load dynamic library 'libcusolver.so.11'; dlerror: libcusolver.so.11: cannot open shared object file: No such file or directory; LD_LIBRARY_PATH: /home/yaojh/hdf5/lib:/opt/intel2015/composer_xe_2015.6.233/compiler/lib/intel64:/opt/software/torque-6.1.2/lib:/opt/software/mpich2-intel/lib:/opt/intel2015/composer_xe_2015.6.233/compiler/lib/intel64:/opt/intel2015/composer_xe_2015.6.233/mpirt/lib/intel64:/opt/intel2015/composer_xe_2015.6.233/compiler/lib/intel64:/opt/intel2015/composer_xe_2015.6.233/mkl/lib/intel64:/opt/intel2015/composer_xe_2015.6.233/debugger/libipt/intel64/lib
2024-12-16 01:26:28.290082: W tensorflow/compiler/xla/stream_executor/platform/default/dso_loader.cc:64] Could not load dynamic library 'libcusparse.so.11'; dlerror: libcusparse.so.11: cannot open shared object file: No such file or directory; LD_LIBRARY_PATH: /home/yaojh/hdf5/lib:/opt/intel2015/composer_xe_2015.6.233/compiler/lib/intel64:/opt/software/torque-6.1.2/lib:/opt/software/mpich2-intel/lib:/opt/intel2015/composer_xe_2015.6.233/compiler/lib/intel64:/opt/intel2015/composer_xe_2015.6.233/mpirt/lib/intel64:/opt/intel2015/composer_xe_2015.6.233/compiler/lib/intel64:/opt/intel2015/composer_xe_2015.6.233/mkl/lib/intel64:/opt/intel2015/composer_xe_2015.6.233/debugger/libipt/intel64/lib
2024-12-16 01:26:28.290139: W tensorflow/compiler/xla/stream_executor/platform/default/dso_loader.cc:64] Could not load dynamic library 'libcudnn.so.8'; dlerror: libcudnn.so.8: cannot open shared object file: No such file or directory; LD_LIBRARY_PATH: /home/yaojh/hdf5/lib:/opt/intel2015/composer_xe_2015.6.233/compiler/lib/intel64:/opt/software/torque-6.1.2/lib:/opt/software/mpich2-intel/lib:/opt/intel2015/composer_xe_2015.6.233/compiler/lib/intel64:/opt/intel2015/composer_xe_2015.6.233/mpirt/lib/intel64:/opt/intel2015/composer_xe_2015.6.233/compiler/lib/intel64:/opt/intel2015/composer_xe_2015.6.233/mkl/lib/intel64:/opt/intel2015/composer_xe_2015.6.233/debugger/libipt/intel64/lib
2024-12-16 01:26:28.290166: W tensorflow/core/common_runtime/gpu/gpu_device.cc:1934] Cannot dlopen some GPU libraries. Please make sure the missing libraries mentioned above are installed properly if you would like to use GPU. Follow the guide at https://www.tensorflow.org/install/gpu for how to download and setup the required libraries for your platform.
Skipping registering GPU devices...
2024-12-16 01:26:28.291139: I tensorflow/core/platform/cpu_feature_guard.cc:193] This TensorFlow binary is optimized with oneAPI Deep Neural Network Library (oneDNN) to use the following CPU instructions in performance-critical operations:  AVX2 AVX512F AVX512_VNNI FMA
To enable them in other operations, rebuild TensorFlow with the appropriate compiler flags.
Auto tuning number of linear components...
Performing PCA...
Training Autoencoder with...
    0 linear dimensions...
epoch: 20/100, loss:  137.1009, time elapsed:  6.26s, time left:  25.03s
epoch: 40/100, loss:  137.0948, time elapsed:  8.40s, time left:  12.60s
epoch: 60/100, loss:  137.0895, time elapsed:  10.51s, time left:  7.01s
epoch: 80/100, loss:  137.0845, time elapsed:  12.50s, time left:  3.13s
epoch: 100/100, loss:  137.0798, time elapsed:  14.30s, time left:  0.00s
[137.07977294921875]
[132.24218373905214, 129.85446049220175, 127.55505105110294, 125.27462513674543, 123.05230791956431]
    1 linear dimensions...
epoch: 20/100, loss:  136.8533, time elapsed:  5.66s, time left:  22.63s
epoch: 40/100, loss:  136.4193, time elapsed:  7.78s, time left:  11.67s
epoch: 60/100, loss:  136.0736, time elapsed:  9.85s, time left:  6.57s
epoch: 80/100, loss:  135.8168, time elapsed:  11.79s, time left:  2.95s
epoch: 100/100, loss:  135.6058, time elapsed:  13.41s, time left:  0.00s
[137.07977294921875, 135.60580444335938]
[132.24218373905214, 129.85446049220175, 127.55505105110294, 125.27462513674543, 123.05230791956431]
Found! Use 0 linear components...
Early stop disabled, continue to check all cases...
    2 linear dimensions...
epoch: 20/100, loss:  136.6217, time elapsed:  4.08s, time left:  16.33s
epoch: 40/100, loss:  135.7408, time elapsed:  6.01s, time left:  9.02s
epoch: 60/100, loss:  135.0574, time elapsed:  8.28s, time left:  5.52s
epoch: 80/100, loss:  134.5570, time elapsed:  10.54s, time left:  2.63s
epoch: 100/100, loss:  134.1570, time elapsed:  12.75s, time left:  0.00s
[137.07977294921875, 135.60580444335938, 134.15696716308594]
[132.24218373905214, 129.85446049220175, 127.55505105110294, 125.27462513674543, 123.05230791956431]
    3 linear dimensions...
epoch: 20/100, loss:  136.3752, time elapsed:  4.91s, time left:  19.63s
epoch: 40/100, loss:  135.0676, time elapsed:  7.12s, time left:  10.67s
epoch: 60/100, loss:  134.0614, time elapsed:  9.33s, time left:  6.22s
epoch: 80/100, loss:  133.3212, time elapsed:  11.54s, time left:  2.88s
epoch: 100/100, loss:  132.7224, time elapsed:  13.71s, time left:  0.00s
[137.07977294921875, 135.60580444335938, 134.15696716308594, 132.722412109375]
[132.24218373905214, 129.85446049220175, 127.55505105110294, 125.27462513674543, 123.05230791956431]
epoch: 30/300, loss:  137.1026, time elapsed:  4.66s, time left:  41.90s
epoch: 60/300, loss:  137.0979, time elapsed:  7.58s, time left:  30.30s
epoch: 90/300, loss:  137.0934, time elapsed:  10.96s, time left:  25.57s
epoch: 120/300, loss:  137.0894, time elapsed:  13.79s, time left:  20.69s
epoch: 150/300, loss:  137.0856, time elapsed:  16.64s, time left:  16.64s
epoch: 180/300, loss:  137.0819, time elapsed:  19.45s, time left:  12.96s
epoch: 210/300, loss:  137.0784, time elapsed:  22.77s, time left:  9.76s
epoch: 240/300, loss:  137.0749, time elapsed:  26.08s, time left:  6.52s
epoch: 270/300, loss:  137.0717, time elapsed:  28.95s, time left:  3.22s
epoch: 300/300, loss:  137.0683, time elapsed:  31.83s, time left:  0.00s
