2024-12-16 01:24:45.630369: I tensorflow/core/platform/cpu_feature_guard.cc:193] This TensorFlow binary is optimized with oneAPI Deep Neural Network Library (oneDNN) to use the following CPU instructions in performance-critical operations:  AVX2 AVX512F AVX512_VNNI FMA
To enable them in other operations, rebuild TensorFlow with the appropriate compiler flags.
2024-12-16 01:24:46.314602: I tensorflow/core/util/port.cc:104] oneDNN custom operations are on. You may see slightly different numerical results due to floating-point round-off errors from different computation orders. To turn them off, set the environment variable `TF_ENABLE_ONEDNN_OPTS=0`.
2024-12-16 01:24:46.319918: W tensorflow/compiler/xla/stream_executor/platform/default/dso_loader.cc:64] Could not load dynamic library 'libcudart.so.11.0'; dlerror: libcudart.so.11.0: cannot open shared object file: No such file or directory; LD_LIBRARY_PATH: /home/yaojh/hdf5/lib:/opt/intel2015/composer_xe_2015.6.233/compiler/lib/intel64:/opt/software/torque-6.1.2/lib:/opt/software/mpich2-intel/lib:/opt/intel2015/composer_xe_2015.6.233/compiler/lib/intel64:/opt/intel2015/composer_xe_2015.6.233/mpirt/lib/intel64:/opt/intel2015/composer_xe_2015.6.233/compiler/lib/intel64:/opt/intel2015/composer_xe_2015.6.233/mkl/lib/intel64:/opt/intel2015/composer_xe_2015.6.233/debugger/libipt/intel64/lib
2024-12-16 01:24:46.330482: I tensorflow/compiler/xla/stream_executor/cuda/cudart_stub.cc:29] Ignore above cudart dlerror if you do not have a GPU set up on your machine.
2024-12-16 01:24:48.127243: W tensorflow/compiler/xla/stream_executor/platform/default/dso_loader.cc:64] Could not load dynamic library 'libnvinfer.so.7'; dlerror: libnvinfer.so.7: cannot open shared object file: No such file or directory; LD_LIBRARY_PATH: /home/yaojh/hdf5/lib:/opt/intel2015/composer_xe_2015.6.233/compiler/lib/intel64:/opt/software/torque-6.1.2/lib:/opt/software/mpich2-intel/lib:/opt/intel2015/composer_xe_2015.6.233/compiler/lib/intel64:/opt/intel2015/composer_xe_2015.6.233/mpirt/lib/intel64:/opt/intel2015/composer_xe_2015.6.233/compiler/lib/intel64:/opt/intel2015/composer_xe_2015.6.233/mkl/lib/intel64:/opt/intel2015/composer_xe_2015.6.233/debugger/libipt/intel64/lib
2024-12-16 01:24:48.127337: W tensorflow/compiler/xla/stream_executor/platform/default/dso_loader.cc:64] Could not load dynamic library 'libnvinfer_plugin.so.7'; dlerror: libnvinfer_plugin.so.7: cannot open shared object file: No such file or directory; LD_LIBRARY_PATH: /home/yaojh/hdf5/lib:/opt/intel2015/composer_xe_2015.6.233/compiler/lib/intel64:/opt/software/torque-6.1.2/lib:/opt/software/mpich2-intel/lib:/opt/intel2015/composer_xe_2015.6.233/compiler/lib/intel64:/opt/intel2015/composer_xe_2015.6.233/mpirt/lib/intel64:/opt/intel2015/composer_xe_2015.6.233/compiler/lib/intel64:/opt/intel2015/composer_xe_2015.6.233/mkl/lib/intel64:/opt/intel2015/composer_xe_2015.6.233/debugger/libipt/intel64/lib
2024-12-16 01:24:48.127349: W tensorflow/compiler/tf2tensorrt/utils/py_utils.cc:38] TF-TRT Warning: Cannot dlopen some TensorRT libraries. If you would like to use Nvidia GPU with TensorRT, please make sure the missing libraries mentioned above are installed properly.
2024-12-16 01:25:01.011484: W tensorflow/compiler/xla/stream_executor/platform/default/dso_loader.cc:64] Could not load dynamic library 'libcudart.so.11.0'; dlerror: libcudart.so.11.0: cannot open shared object file: No such file or directory; LD_LIBRARY_PATH: /home/yaojh/hdf5/lib:/opt/intel2015/composer_xe_2015.6.233/compiler/lib/intel64:/opt/software/torque-6.1.2/lib:/opt/software/mpich2-intel/lib:/opt/intel2015/composer_xe_2015.6.233/compiler/lib/intel64:/opt/intel2015/composer_xe_2015.6.233/mpirt/lib/intel64:/opt/intel2015/composer_xe_2015.6.233/compiler/lib/intel64:/opt/intel2015/composer_xe_2015.6.233/mkl/lib/intel64:/opt/intel2015/composer_xe_2015.6.233/debugger/libipt/intel64/lib
2024-12-16 01:25:01.011592: W tensorflow/compiler/xla/stream_executor/platform/default/dso_loader.cc:64] Could not load dynamic library 'libcublas.so.11'; dlerror: libcublas.so.11: cannot open shared object file: No such file or directory; LD_LIBRARY_PATH: /home/yaojh/hdf5/lib:/opt/intel2015/composer_xe_2015.6.233/compiler/lib/intel64:/opt/software/torque-6.1.2/lib:/opt/software/mpich2-intel/lib:/opt/intel2015/composer_xe_2015.6.233/compiler/lib/intel64:/opt/intel2015/composer_xe_2015.6.233/mpirt/lib/intel64:/opt/intel2015/composer_xe_2015.6.233/compiler/lib/intel64:/opt/intel2015/composer_xe_2015.6.233/mkl/lib/intel64:/opt/intel2015/composer_xe_2015.6.233/debugger/libipt/intel64/lib
2024-12-16 01:25:01.011665: W tensorflow/compiler/xla/stream_executor/platform/default/dso_loader.cc:64] Could not load dynamic library 'libcublasLt.so.11'; dlerror: libcublasLt.so.11: cannot open shared object file: No such file or directory; LD_LIBRARY_PATH: /home/yaojh/hdf5/lib:/opt/intel2015/composer_xe_2015.6.233/compiler/lib/intel64:/opt/software/torque-6.1.2/lib:/opt/software/mpich2-intel/lib:/opt/intel2015/composer_xe_2015.6.233/compiler/lib/intel64:/opt/intel2015/composer_xe_2015.6.233/mpirt/lib/intel64:/opt/intel2015/composer_xe_2015.6.233/compiler/lib/intel64:/opt/intel2015/composer_xe_2015.6.233/mkl/lib/intel64:/opt/intel2015/composer_xe_2015.6.233/debugger/libipt/intel64/lib
2024-12-16 01:25:01.011723: W tensorflow/compiler/xla/stream_executor/platform/default/dso_loader.cc:64] Could not load dynamic library 'libcufft.so.10'; dlerror: libcufft.so.10: cannot open shared object file: No such file or directory; LD_LIBRARY_PATH: /home/yaojh/hdf5/lib:/opt/intel2015/composer_xe_2015.6.233/compiler/lib/intel64:/opt/software/torque-6.1.2/lib:/opt/software/mpich2-intel/lib:/opt/intel2015/composer_xe_2015.6.233/compiler/lib/intel64:/opt/intel2015/composer_xe_2015.6.233/mpirt/lib/intel64:/opt/intel2015/composer_xe_2015.6.233/compiler/lib/intel64:/opt/intel2015/composer_xe_2015.6.233/mkl/lib/intel64:/opt/intel2015/composer_xe_2015.6.233/debugger/libipt/intel64/lib
2024-12-16 01:25:01.011779: W tensorflow/compiler/xla/stream_executor/platform/default/dso_loader.cc:64] Could not load dynamic library 'libcurand.so.10'; dlerror: libcurand.so.10: cannot open shared object file: No such file or directory; LD_LIBRARY_PATH: /home/yaojh/hdf5/lib:/opt/intel2015/composer_xe_2015.6.233/compiler/lib/intel64:/opt/software/torque-6.1.2/lib:/opt/software/mpich2-intel/lib:/opt/intel2015/composer_xe_2015.6.233/compiler/lib/intel64:/opt/intel2015/composer_xe_2015.6.233/mpirt/lib/intel64:/opt/intel2015/composer_xe_2015.6.233/compiler/lib/intel64:/opt/intel2015/composer_xe_2015.6.233/mkl/lib/intel64:/opt/intel2015/composer_xe_2015.6.233/debugger/libipt/intel64/lib
2024-12-16 01:25:01.011834: W tensorflow/compiler/xla/stream_executor/platform/default/dso_loader.cc:64] Could not load dynamic library 'libcusolver.so.11'; dlerror: libcusolver.so.11: cannot open shared object file: No such file or directory; LD_LIBRARY_PATH: /home/yaojh/hdf5/lib:/opt/intel2015/composer_xe_2015.6.233/compiler/lib/intel64:/opt/software/torque-6.1.2/lib:/opt/software/mpich2-intel/lib:/opt/intel2015/composer_xe_2015.6.233/compiler/lib/intel64:/opt/intel2015/composer_xe_2015.6.233/mpirt/lib/intel64:/opt/intel2015/composer_xe_2015.6.233/compiler/lib/intel64:/opt/intel2015/composer_xe_2015.6.233/mkl/lib/intel64:/opt/intel2015/composer_xe_2015.6.233/debugger/libipt/intel64/lib
2024-12-16 01:25:01.011886: W tensorflow/compiler/xla/stream_executor/platform/default/dso_loader.cc:64] Could not load dynamic library 'libcusparse.so.11'; dlerror: libcusparse.so.11: cannot open shared object file: No such file or directory; LD_LIBRARY_PATH: /home/yaojh/hdf5/lib:/opt/intel2015/composer_xe_2015.6.233/compiler/lib/intel64:/opt/software/torque-6.1.2/lib:/opt/software/mpich2-intel/lib:/opt/intel2015/composer_xe_2015.6.233/compiler/lib/intel64:/opt/intel2015/composer_xe_2015.6.233/mpirt/lib/intel64:/opt/intel2015/composer_xe_2015.6.233/compiler/lib/intel64:/opt/intel2015/composer_xe_2015.6.233/mkl/lib/intel64:/opt/intel2015/composer_xe_2015.6.233/debugger/libipt/intel64/lib
2024-12-16 01:25:01.011953: W tensorflow/compiler/xla/stream_executor/platform/default/dso_loader.cc:64] Could not load dynamic library 'libcudnn.so.8'; dlerror: libcudnn.so.8: cannot open shared object file: No such file or directory; LD_LIBRARY_PATH: /home/yaojh/hdf5/lib:/opt/intel2015/composer_xe_2015.6.233/compiler/lib/intel64:/opt/software/torque-6.1.2/lib:/opt/software/mpich2-intel/lib:/opt/intel2015/composer_xe_2015.6.233/compiler/lib/intel64:/opt/intel2015/composer_xe_2015.6.233/mpirt/lib/intel64:/opt/intel2015/composer_xe_2015.6.233/compiler/lib/intel64:/opt/intel2015/composer_xe_2015.6.233/mkl/lib/intel64:/opt/intel2015/composer_xe_2015.6.233/debugger/libipt/intel64/lib
2024-12-16 01:25:01.011980: W tensorflow/core/common_runtime/gpu/gpu_device.cc:1934] Cannot dlopen some GPU libraries. Please make sure the missing libraries mentioned above are installed properly if you would like to use GPU. Follow the guide at https://www.tensorflow.org/install/gpu for how to download and setup the required libraries for your platform.
Skipping registering GPU devices...
2024-12-16 01:25:01.013203: I tensorflow/core/platform/cpu_feature_guard.cc:193] This TensorFlow binary is optimized with oneAPI Deep Neural Network Library (oneDNN) to use the following CPU instructions in performance-critical operations:  AVX2 AVX512F AVX512_VNNI FMA
To enable them in other operations, rebuild TensorFlow with the appropriate compiler flags.
Auto tuning number of linear components...
Performing PCA...
Training Autoencoder with...
    0 linear dimensions...
epoch: 20/100, loss:  137.1009, time elapsed:  4.38s, time left:  17.50s
epoch: 40/100, loss:  137.0945, time elapsed:  6.46s, time left:  9.69s
epoch: 60/100, loss:  137.0889, time elapsed:  8.56s, time left:  5.71s
epoch: 80/100, loss:  137.0837, time elapsed:  10.52s, time left:  2.63s
epoch: 100/100, loss:  137.0789, time elapsed:  12.33s, time left:  0.00s
[137.07894897460938]
[134.02626952805133, 131.2388072237687, 128.68835592776477, 126.4766927212115, 124.39644982080793]
    1 linear dimensions...
epoch: 20/100, loss:  136.8616, time elapsed:  4.08s, time left:  16.33s
epoch: 40/100, loss:  136.4300, time elapsed:  5.87s, time left:  8.81s
epoch: 60/100, loss:  136.1079, time elapsed:  7.71s, time left:  5.14s
epoch: 80/100, loss:  135.8832, time elapsed:  9.49s, time left:  2.37s
epoch: 100/100, loss:  135.7109, time elapsed:  11.00s, time left:  0.00s
[137.07894897460938, 135.7109375]
[134.02626952805133, 131.2388072237687, 128.68835592776477, 126.4766927212115, 124.39644982080793]
Found! Use 0 linear components...
Early stop disabled, continue to check all cases...
    2 linear dimensions...
epoch: 20/100, loss:  136.6086, time elapsed:  3.72s, time left:  14.89s
epoch: 40/100, loss:  135.7573, time elapsed:  5.58s, time left:  8.37s
epoch: 60/100, loss:  135.1217, time elapsed:  7.48s, time left:  4.99s
epoch: 80/100, loss:  134.6758, time elapsed:  9.53s, time left:  2.38s
epoch: 100/100, loss:  134.3430, time elapsed:  11.75s, time left:  0.00s
[137.07894897460938, 135.7109375, 134.3429718017578]
[134.02626952805133, 131.2388072237687, 128.68835592776477, 126.4766927212115, 124.39644982080793]
    3 linear dimensions...
epoch: 20/100, loss:  136.3681, time elapsed:  5.08s, time left:  20.34s
epoch: 40/100, loss:  135.0944, time elapsed:  7.10s, time left:  10.65s
epoch: 60/100, loss:  134.1546, time elapsed:  9.04s, time left:  6.03s
epoch: 80/100, loss:  133.4972, time elapsed:  11.29s, time left:  2.82s
epoch: 100/100, loss:  132.9971, time elapsed:  13.37s, time left:  0.00s
[137.07894897460938, 135.7109375, 134.3429718017578, 132.9970703125]
[134.02626952805133, 131.2388072237687, 128.68835592776477, 126.4766927212115, 124.39644982080793]
epoch: 30/300, loss:  137.1022, time elapsed:  4.65s, time left:  41.82s
epoch: 60/300, loss:  137.0974, time elapsed:  6.87s, time left:  27.46s
epoch: 90/300, loss:  137.0929, time elapsed:  9.31s, time left:  21.73s
epoch: 120/300, loss:  137.0889, time elapsed:  12.39s, time left:  18.59s
epoch: 150/300, loss:  137.0849, time elapsed:  15.50s, time left:  15.50s
epoch: 180/300, loss:  137.0813, time elapsed:  18.63s, time left:  12.42s
epoch: 210/300, loss:  137.0777, time elapsed:  21.27s, time left:  9.12s
epoch: 240/300, loss:  137.0743, time elapsed:  23.98s, time left:  6.00s
epoch: 270/300, loss:  137.0710, time elapsed:  27.23s, time left:  3.03s
epoch: 300/300, loss:  137.0676, time elapsed:  30.36s, time left:  0.00s
